#
# There is insufficient memory for the Java Runtime Environment to continue.
# Native memory allocation (malloc) failed to allocate 971056 bytes for Chunk::new
# Possible reasons:
#   The system is out of physical RAM or swap space
#   In 32 bit mode, the process size limit was hit
# Possible solutions:
#   Reduce memory load on the system
#   Increase physical memory or swap space
#   Check if swap backing store is full
#   Use 64 bit Java on a 64 bit OS
#   Decrease Java heap size (-Xmx/-Xms)
#   Decrease number of Java threads
#   Decrease Java thread stack sizes (-Xss)
#   Set larger code cache with -XX:ReservedCodeCacheSize=
# This output file may be truncated or incomplete.
#
#  Out of Memory Error (allocation.cpp:390), pid=5904, tid=11084
#
# JRE version: Java(TM) SE Runtime Environment (8.0_45-b15) (build 1.8.0_45-b15)
# Java VM: Java HotSpot(TM) 64-Bit Server VM (25.45-b02 mixed mode windows-amd64 compressed oops)
# Failed to write core dump. Minidumps are not enabled by default on client versions of Windows
#

---------------  T H R E A D  ---------------

Current thread (0x000000000769b800):  JavaThread "C2 CompilerThread0" daemon [_thread_in_native, id=11084, stack(0x0000000008e50000,0x0000000008f50000)]

Stack: [0x0000000008e50000,0x0000000008f50000]
[error occurred during error reporting (printing stack bounds), id 0xc0000005]

Native frames: (J=compiled Java code, j=interpreted, Vv=VM code, C=native code)
V  [jvm.dll+0x32b57a]
V  [jvm.dll+0x279873]
V  [jvm.dll+0x27a509]
V  [jvm.dll+0x2934e6]
V  [jvm.dll+0x297e0c]
V  [jvm.dll+0x5ca86f]
C  [msvcr100.dll+0x712e3]
V  [jvm.dll+0x5c9f6d]
C  [ntdll.dll+0x29d0d]
C  [ntdll.dll+0x191af]
C  [ntdll.dll+0x51278]
V  [jvm.dll+0x21bcd1]


Current CompileTask:
C2:  20827 1610   !   4       com.android.dx.cf.code.RopperMachine::run (1550 bytes)


---------------  P R O C E S S  ---------------

Java Threads: ( => current thread )
  0x00000000079a0800 JavaThread "pool-1-thread-4" [_thread_blocked, id=8644, stack(0x00000000098f0000,0x00000000099f0000)]
  0x000000000799d000 JavaThread "pool-1-thread-3" [_thread_blocked, id=9340, stack(0x0000000009700000,0x0000000009800000)]
  0x000000000799b000 JavaThread "pool-1-thread-2" [_thread_blocked, id=10716, stack(0x0000000002f20000,0x0000000003020000)]
  0x000000000792e000 JavaThread "pool-2-thread-1" [_thread_blocked, id=8128, stack(0x0000000009570000,0x0000000009670000)]
  0x000000000792b800 JavaThread "pool-1-thread-1" [_thread_blocked, id=10136, stack(0x0000000009120000,0x0000000009220000)]
  0x0000000007712000 JavaThread "Service Thread" daemon [_thread_blocked, id=1172, stack(0x0000000009340000,0x0000000009440000)]
  0x0000000007709800 JavaThread "C1 CompilerThread3" daemon [_thread_blocked, id=6668, stack(0x0000000009240000,0x0000000009340000)]
  0x0000000007708800 JavaThread "C2 CompilerThread2" daemon [_thread_in_native, id=8392, stack(0x0000000008ac0000,0x0000000008bc0000)]
  0x0000000007706000 JavaThread "C2 CompilerThread1" daemon [_thread_in_native, id=10016, stack(0x0000000008ff0000,0x00000000090f0000)]
=>0x000000000769b800 JavaThread "C2 CompilerThread0" daemon [_thread_in_native, id=11084, stack(0x0000000008e50000,0x0000000008f50000)]
  0x000000000769a000 JavaThread "Attach Listener" daemon [_thread_blocked, id=9944, stack(0x0000000008c20000,0x0000000008d20000)]
  0x0000000007698800 JavaThread "Signal Dispatcher" daemon [_thread_blocked, id=6012, stack(0x00000000089b0000,0x0000000008ab0000)]
  0x00000000065e7800 JavaThread "Finalizer" daemon [_thread_blocked, id=6700, stack(0x0000000003260000,0x0000000003360000)]
  0x00000000065e6800 JavaThread "Reference Handler" daemon [_thread_blocked, id=7144, stack(0x00000000087b0000,0x00000000088b0000)]
  0x000000000242f000 JavaThread "main" [_thread_in_native, id=8620, stack(0x00000000026f0000,0x00000000027f0000)]

Other Threads:
  0x0000000007650800 VMThread [stack: 0x0000000008610000,0x0000000008710000] [id=4604]
  0x0000000007714800 WatcherThread [stack: 0x0000000009460000,0x0000000009560000] [id=10824]

VM state:not at safepoint (normal execution)

VM Mutex/Monitor currently owned by a thread: None

Heap:
 PSYoungGen      total 55808K, used 7323K [0x00000000eab00000, 0x00000000f4800000, 0x0000000100000000)
  eden space 53248K, 13% used [0x00000000eab00000,0x00000000eb226db8,0x00000000edf00000)
  from space 2560K, 0% used [0x00000000eed80000,0x00000000eed80000,0x00000000ef000000)
  to   space 14848K, 0% used [0x00000000edf00000,0x00000000edf00000,0x00000000eed80000)
 ParOldGen       total 64512K, used 32951K [0x00000000c0000000, 0x00000000c3f00000, 0x00000000eab00000)
  object space 64512K, 51% used [0x00000000c0000000,0x00000000c202de18,0x00000000c3f00000)
 Metaspace       used 6198K, capacity 7156K, committed 7296K, reserved 1056768K
  class space    used 606K, capacity 620K, committed 640K, reserved 1048576K

Card table byte_map: [0x0000000002bb0000,0x0000000002dc0000] byte_map_base: 0x00000000025b0000

Marking Bits: (ParMarkBitMap*) 0x0000000070804040
 Begin Bits: [0x0000000003a00000, 0x0000000004a00000)
 End Bits:   [0x0000000004a00000, 0x0000000005a00000)

Polling page: 0x0000000000230000

CodeCache: size=245760Kb used=7370Kb max_used=7370Kb free=238389Kb
 bounds [0x000000000f010000, 0x000000000f750000, 0x000000001e010000]
 total_blobs=2045 nmethods=1775 adapters=182
 compilation: enabled

Compilation events (10 events):
Event: 11.939 Thread 0x0000000007709800 nmethod 1646 0x000000000f6c8110 code [0x000000000f6c8280, 0x000000000f6c84d0]
Event: 11.940 Thread 0x0000000007709800 1649       3       com.android.dx.rop.annotation.Annotation::<init> (54 bytes)
Event: 11.941 Thread 0x0000000007709800 nmethod 1649 0x000000000f6ed710 code [0x000000000f6ed8c0, 0x000000000f6ede78]
Event: 11.941 Thread 0x0000000007709800 1651       3       com.android.dx.rop.cst.CstType::hashCode (8 bytes)
Event: 11.941 Thread 0x0000000007709800 nmethod 1651 0x000000000f6eec10 code [0x000000000f6eed80, 0x000000000f6ef068]
Event: 11.941 Thread 0x0000000007709800 1650       3       com.android.dx.rop.annotation.Annotation::put (32 bytes)
Event: 11.941 Thread 0x0000000007709800 nmethod 1650 0x000000000f6ef190 code [0x000000000f6ef340, 0x000000000f6ef868]
Event: 11.941 Thread 0x0000000007709800 1653       1       com.android.dx.cf.code.Ropper$ExceptionHandlerSetup::getLabel (5 bytes)
Event: 11.941 Thread 0x0000000007709800 nmethod 1653 0x000000000f6c7e50 code [0x000000000f6c7fa0, 0x000000000f6c80b0]
Event: 11.942 Thread 0x0000000007709800 1657       3       com.android.dx.rop.type.StdTypeList::equalContents (56 bytes)

GC Heap History (6 events):
Event: 4.722 GC heap before
{Heap before GC invocations=1 (full 0):
 PSYoungGen      total 18944K, used 16384K [0x00000000eab00000, 0x00000000ec000000, 0x0000000100000000)
  eden space 16384K, 100% used [0x00000000eab00000,0x00000000ebb00000,0x00000000ebb00000)
  from space 2560K, 0% used [0x00000000ebd80000,0x00000000ebd80000,0x00000000ec000000)
  to   space 2560K, 0% used [0x00000000ebb00000,0x00000000ebb00000,0x00000000ebd80000)
 ParOldGen       total 44032K, used 0K [0x00000000c0000000, 0x00000000c2b00000, 0x00000000eab00000)
  object space 44032K, 0% used [0x00000000c0000000,0x00000000c0000000,0x00000000c2b00000)
 Metaspace       used 5658K, capacity 6768K, committed 7040K, reserved 1056768K
  class space    used 580K, capacity 616K, committed 640K, reserved 1048576K
Event: 5.433 GC heap after
Heap after GC invocations=1 (full 0):
 PSYoungGen      total 18944K, used 2538K [0x00000000eab00000, 0x00000000ed000000, 0x0000000100000000)
  eden space 16384K, 0% used [0x00000000eab00000,0x00000000eab00000,0x00000000ebb00000)
  from space 2560K, 99% used [0x00000000ebb00000,0x00000000ebd7aaa8,0x00000000ebd80000)
  to   space 2560K, 0% used [0x00000000ecd80000,0x00000000ecd80000,0x00000000ed000000)
 ParOldGen       total 44032K, used 1851K [0x00000000c0000000, 0x00000000c2b00000, 0x00000000eab00000)
  object space 44032K, 4% used [0x00000000c0000000,0x00000000c01cefa8,0x00000000c2b00000)
 Metaspace       used 5658K, capacity 6768K, committed 7040K, reserved 1056768K
  class space    used 580K, capacity 616K, committed 640K, reserved 1048576K
}
Event: 8.313 GC heap before
{Heap before GC invocations=2 (full 0):
 PSYoungGen      total 18944K, used 18922K [0x00000000eab00000, 0x00000000ed000000, 0x0000000100000000)
  eden space 16384K, 100% used [0x00000000eab00000,0x00000000ebb00000,0x00000000ebb00000)
  from space 2560K, 99% used [0x00000000ebb00000,0x00000000ebd7aaa8,0x00000000ebd80000)
  to   space 2560K, 0% used [0x00000000ecd80000,0x00000000ecd80000,0x00000000ed000000)
 ParOldGen       total 44032K, used 1851K [0x00000000c0000000, 0x00000000c2b00000, 0x00000000eab00000)
  object space 44032K, 4% used [0x00000000c0000000,0x00000000c01cefa8,0x00000000c2b00000)
 Metaspace       used 5877K, capacity 6960K, committed 7040K, reserved 1056768K
  class space    used 585K, capacity 616K, committed 640K, reserved 1048576K
Event: 8.548 GC heap after
Heap after GC invocations=2 (full 0):
 PSYoungGen      total 35328K, used 2528K [0x00000000eab00000, 0x00000000ed000000, 0x0000000100000000)
  eden space 32768K, 0% used [0x00000000eab00000,0x00000000eab00000,0x00000000ecb00000)
  from space 2560K, 98% used [0x00000000ecd80000,0x00000000ecff8018,0x00000000ed000000)
  to   space 2560K, 0% used [0x00000000ecb00000,0x00000000ecb00000,0x00000000ecd80000)
 ParOldGen       total 44032K, used 4343K [0x00000000c0000000, 0x00000000c2b00000, 0x00000000eab00000)
  object space 44032K, 9% used [0x00000000c0000000,0x00000000c043dc18,0x00000000c2b00000)
 Metaspace       used 5877K, capacity 6960K, committed 7040K, reserved 1056768K
  class space    used 585K, capacity 616K, committed 640K, reserved 1048576K
}
Event: 11.539 GC heap before
{Heap before GC invocations=3 (full 0):
 PSYoungGen      total 35328K, used 35296K [0x00000000eab00000, 0x00000000ed000000, 0x0000000100000000)
  eden space 32768K, 100% used [0x00000000eab00000,0x00000000ecb00000,0x00000000ecb00000)
  from space 2560K, 98% used [0x00000000ecd80000,0x00000000ecff8018,0x00000000ed000000)
  to   space 2560K, 0% used [0x00000000ecb00000,0x00000000ecb00000,0x00000000ecd80000)
 ParOldGen       total 44032K, used 4343K [0x00000000c0000000, 0x00000000c2b00000, 0x00000000eab00000)
  object space 44032K, 9% used [0x00000000c0000000,0x00000000c043dc18,0x00000000c2b00000)
 Metaspace       used 6021K, capacity 7088K, committed 7296K, reserved 1056768K
  class space    used 586K, capacity 616K, committed 640K, reserved 1048576K
Event: 11.665 GC heap after
Heap after GC invocations=3 (full 0):
 PSYoungGen      total 35328K, used 2535K [0x00000000eab00000, 0x00000000ef000000, 0x0000000100000000)
  eden space 32768K, 0% used [0x00000000eab00000,0x00000000eab00000,0x00000000ecb00000)
  from space 2560K, 99% used [0x00000000ecb00000,0x00000000ecd79fb0,0x00000000ecd80000)
  to   space 2560K, 0% used [0x00000000eed80000,0x00000000eed80000,0x00000000ef000000)
 ParOldGen       total 44032K, used 9574K [0x00000000c0000000, 0x00000000c2b00000, 0x00000000eab00000)
  object space 44032K, 21% used [0x00000000c0000000,0x00000000c0959948,0x00000000c2b00000)
 Metaspace       used 6021K, capacity 7088K, committed 7296K, reserved 1056768K
  class space    used 586K, capacity 616K, committed 640K, reserved 1048576K
}

Deoptimization events (10 events):
Event: 11.298 Thread 0x000000000799d000 Uncommon trap: reason=bimorphic action=maybe_recompile pc=0x000000000f426120 method=java.util.HashMap.getNode(ILjava/lang/Object;)Ljava/util/HashMap$Node; @ 126
Event: 11.298 Thread 0x000000000799d000 Uncommon trap: reason=class_check action=maybe_recompile pc=0x000000000f4ba500 method=java.util.HashMap.putVal(ILjava/lang/Object;Ljava/lang/Object;ZZ)Ljava/lang/Object; @ 203
Event: 11.298 Thread 0x000000000799d000 Uncommon trap: reason=bimorphic action=maybe_recompile pc=0x000000000f426120 method=java.util.HashMap.getNode(ILjava/lang/Object;)Ljava/util/HashMap$Node; @ 126
Event: 11.406 Thread 0x000000000242f000 Uncommon trap: reason=class_check action=maybe_recompile pc=0x000000000f4ba500 method=java.util.HashMap.putVal(ILjava/lang/Object;Ljava/lang/Object;ZZ)Ljava/lang/Object; @ 203
Event: 11.679 Thread 0x000000000799b000 Uncommon trap: reason=unstable_if action=reinterpret pc=0x000000000f6b9a54 method=com.android.dx.rop.code.LocalVariableInfo.mergeStarts(ILcom/android/dx/rop/code/RegisterSpecSet;)Z @ 31
Event: 11.679 Thread 0x000000000799b000 Uncommon trap: reason=unstable_if action=reinterpret pc=0x000000000f693554 method=com.android.dx.rop.code.LocalVariableInfo.mergeStarts(ILcom/android/dx/rop/code/RegisterSpecSet;)Z @ 31
Event: 11.700 Thread 0x000000000792b800 Uncommon trap: reason=class_check action=maybe_recompile pc=0x000000000f4ba500 method=java.util.HashMap.putVal(ILjava/lang/Object;Ljava/lang/Object;ZZ)Ljava/lang/Object; @ 203
Event: 11.941 Thread 0x000000000799d000 Uncommon trap: reason=unstable_if action=reinterpret pc=0x000000000f3f576c method=com.android.dx.util.IntList.binarysearch(I)I @ 105
Event: 11.942 Thread 0x000000000799d000 Uncommon trap: reason=unstable_if action=reinterpret pc=0x000000000f628d24 method=com.android.dx.ssa.SsaBasicBlock.newFromRop(Lcom/android/dx/rop/code/RopMethod;ILcom/android/dx/ssa/SsaMethod;)Lcom/android/dx/ssa/SsaBasicBlock; @ 164
Event: 11.943 Thread 0x000000000799d000 Uncommon trap: reason=unstable_if action=reinterpret pc=0x000000000f6668e8 method=com.android.dx.ssa.SsaMethod.blockIndexToRopLabel(I)I @ 1

Internal exceptions (3 events):
Event: 0.234 Thread 0x000000000242f000 Exception <a 'java/lang/NoSuchMethodError': Method sun.misc.Unsafe.defineClass(Ljava/lang/String;[BII)Ljava/lang/Class; name or signature does not match> (0x00000000eab12f20) thrown at [C:\re\workspace\8-2-build-windows-amd64-cygwin\jdk8u45\3627\hotspot\sr_°ØN!ÛÕ?
Event: 0.234 Thread 0x000000000242f000 Exception <a 'java/lang/NoSuchMethodError': Method sun.misc.Unsafe.prefetchRead(Ljava/lang/Object;J)V name or signature does not match> (0x00000000eab131b0) thrown at [C:\re\workspace\8-2-build-windows-amd64-cygwin\jdk8u45\3627\hotspot\src\share\vm\prims\jÕuRÇÂ@
Event: 6.474 Thread 0x00000000079a0800 Implicit null exception at 0x000000000f464152 to 0x000000000f464242

Events (10 events):
Event: 11.700 Thread 0x000000000792b800 DEOPT UNPACKING pc=0x000000000f05582a sp=0x000000000921e518 mode 2
Event: 11.941 Thread 0x000000000799d000 Uncommon trap: trap_request=0xffffff65 fr.pc=0x000000000f3f576c
Event: 11.941 Thread 0x000000000799d000 DEOPT PACKING pc=0x000000000f3f576c sp=0x00000000097fe830
Event: 11.941 Thread 0x000000000799d000 DEOPT UNPACKING pc=0x000000000f05582a sp=0x00000000097fe7a8 mode 2
Event: 11.942 Thread 0x000000000799d000 Uncommon trap: trap_request=0xffffff65 fr.pc=0x000000000f628d24
Event: 11.942 Thread 0x000000000799d000 DEOPT PACKING pc=0x000000000f628d24 sp=0x00000000097fe950
Event: 11.942 Thread 0x000000000799d000 DEOPT UNPACKING pc=0x000000000f05582a sp=0x00000000097fe948 mode 2
Event: 11.943 Thread 0x000000000799d000 Uncommon trap: trap_request=0xffffff65 fr.pc=0x000000000f6668e8
Event: 11.943 Thread 0x000000000799d000 DEOPT PACKING pc=0x000000000f6668e8 sp=0x00000000097fe8e0
Event: 11.943 Thread 0x000000000799d000 DEOPT UNPACKING pc=0x000000000f05582a sp=0x00000000097fe808 mode 2


Dynamic libraries:
0x000000013f400000 - 0x000000013f437000 	C:\Program Files\Java\jdk1.8.0_45\bin\java.exe
0x0000000077940000 - 0x0000000077ae9000 	C:\Windows\SYSTEM32\ntdll.dll
0x0000000077720000 - 0x000000007783f000 	C:\Windows\system32\kernel32.dll
0x000007fefd960000 - 0x000007fefd9cb000 	C:\Windows\system32\KERNELBASE.dll
0x000007fefdf60000 - 0x000007fefe03b000 	C:\Windows\system32\ADVAPI32.dll
0x000007fefe170000 - 0x000007fefe20f000 	C:\Windows\system32\msvcrt.dll
0x000007feffb80000 - 0x000007feffb9f000 	C:\Windows\SYSTEM32\sechost.dll
0x000007feff2a0000 - 0x000007feff3cd000 	C:\Windows\system32\RPCRT4.dll
0x0000000077840000 - 0x000000007793a000 	C:\Windows\system32\USER32.dll
0x000007fefdde0000 - 0x000007fefde47000 	C:\Windows\system32\GDI32.dll
0x000007feff4a0000 - 0x000007feff4ae000 	C:\Windows\system32\LPK.dll
0x000007feffab0000 - 0x000007feffb79000 	C:\Windows\system32\USP10.dll
0x000007fefc4a0000 - 0x000007fefc694000 	C:\Windows\WinSxS\amd64_microsoft.windows.common-controls_6595b64144ccf1df_6.0.7601.17514_none_fa396087175ac9ac\COMCTL32.dll
0x000007feff590000 - 0x000007feff601000 	C:\Windows\system32\SHLWAPI.dll
0x000007feff470000 - 0x000007feff49e000 	C:\Windows\system32\IMM32.DLL
0x000007fefde50000 - 0x000007fefdf59000 	C:\Windows\system32\MSCTF.dll
0x000007fefd850000 - 0x000007fefd881000 	C:\Windows\system32\nvinitx.dll
0x000000000f000000 - 0x000000000f006000 	C:\Program Files\NVIDIA Corporation\CoProcManager\detoured.dll
0x000007fefa890000 - 0x000007fefa8bd000 	C:\Program Files\NVIDIA Corporation\CoProcManager\nvd3d9wrapx.dll
0x000007feff660000 - 0x000007feff837000 	C:\Windows\system32\SETUPAPI.dll
0x000007fefdbe0000 - 0x000007fefdc16000 	C:\Windows\system32\CFGMGR32.dll
0x000007feff4b0000 - 0x000007feff587000 	C:\Windows\system32\OLEAUT32.dll
0x000007feff8a0000 - 0x000007feffaa3000 	C:\Windows\system32\ole32.dll
0x000007fefd940000 - 0x000007fefd95a000 	C:\Windows\system32\DEVOBJ.dll
0x000007fefa4c0000 - 0x000007fefa4e2000 	C:\Program Files\NVIDIA Corporation\CoProcManager\nvdxgiwrapx.dll
0x0000000078d90000 - 0x0000000078e62000 	C:\Program Files\Java\jdk1.8.0_45\jre\bin\msvcr100.dll
0x0000000070000000 - 0x0000000070883000 	C:\Program Files\Java\jdk1.8.0_45\jre\bin\server\jvm.dll
0x000007fefc470000 - 0x000007fefc479000 	C:\Windows\system32\WSOCK32.dll
0x000007feff610000 - 0x000007feff65d000 	C:\Windows\system32\WS2_32.dll
0x000007feffba0000 - 0x000007feffba8000 	C:\Windows\system32\NSI.dll
0x000007fefb520000 - 0x000007fefb55b000 	C:\Windows\system32\WINMM.dll
0x000007fefc990000 - 0x000007fefc99c000 	C:\Windows\system32\VERSION.dll
0x0000000077b10000 - 0x0000000077b17000 	C:\Windows\system32\PSAPI.DLL
0x0000000073c80000 - 0x0000000073c8f000 	C:\Program Files\Java\jdk1.8.0_45\jre\bin\verify.dll
0x000000006d940000 - 0x000000006d969000 	C:\Program Files\Java\jdk1.8.0_45\jre\bin\java.dll
0x000000006ddc0000 - 0x000000006ddd6000 	C:\Program Files\Java\jdk1.8.0_45\jre\bin\zip.dll
0x000007fefe210000 - 0x000007fefef98000 	C:\Windows\system32\SHELL32.dll
0x000007fefd890000 - 0x000007fefd89f000 	C:\Windows\system32\profapi.dll
0x000007fef67e0000 - 0x000007fef6905000 	C:\Windows\system32\dbghelp.dll

VM Arguments:
jvm_args: -Xmx1024M -Dfile.encoding=windows-1251 -Duser.country=RU -Duser.language=ru -Duser.variant 
java_command: com.android.dx.command.Main --dex --num-threads=4 --output D:\Code\UnifiedStateExam\app\build\intermediates\pre-dexed\debug\classes-6433e73231e9230695b092feff34f9c0f3f36308.jar D:\Code\UnifiedStateExam\app\build\intermediates\exploded-aar\com.android.support\appcompat-v7\23.1.1\jars\classes.jar
java_class_path (initial): D:\DevTools\SDK\build-tools\23.0.1\lib\dx.jar
Launcher Type: SUN_STANDARD

Environment Variables:
JAVA_HOME=C:\Program Files (x86)\Java\jdk1.8.0_45
PATH=C:\ProgramData\Oracle\Java\javapath;D:\andr\Android\androidSDK\sdk\tools;D:\andr\Android\androidSDK\sdk\platform-tools;D:\java\bin;D:\Qt\Qt5.3.2\Tools\mingw482_32\bin;C:\Program Files (x86)\NVIDIA Corporation\PhysX\Common;C:\Program Files (x86)\Intel\iCLS Client\;C:\Program Files\Intel\iCLS Client\;C:\Windows\system32;C:\Windows;C:\Windows\System32\Wbem;C:\Windows\System32\WindowsPowerShell\v1.0\;C:\Program Files\Microsoft SQL Server\110\Tools\Binn\;C:\Program Files (x86)\MySQL\MySQL Server 5.1\bin;D:\Apps\Scala\bin;D:\Apps\Scala Sbt\\bin;C:\Program Files (x86)\Skype\Phone\;C:\Qt\5.2.1\mingw48_32\bin;C:\Qt\Tools\mingw48_32\bin;C:\sqlite
USERNAME=¬Î‡‰ÂÎÂˆ
OS=Windows_NT
PROCESSOR_IDENTIFIER=Intel64 Family 6 Model 42 Stepping 7, GenuineIntel



---------------  S Y S T E M  ---------------

OS: Windows 7 , 64 bit Build 7601 (6.1.7601.17514)

CPU:total 8 (4 cores per cpu, 2 threads per core) family 6 model 42 stepping 7, cmov, cx8, fxsr, mmx, sse, sse2, sse3, ssse3, sse4.1, sse4.2, popcnt, avx, clmul, ht, tsc, tscinvbit

Memory: 4k page, physical 4136816k(222368k free), swap 8927216k(308808k free)

vm_info: Java HotSpot(TM) 64-Bit Server VM (25.45-b02) for windows-amd64 JRE (1.8.0_45-b15), built on Apr 30 2015 12:40:44 by "java_re" with MS VC++ 10.0 (VS2010)

time: Mon Nov 16 21:23:12 2015
elapsed time: 21 seconds (0d 0h 0m 21s)

