#
# There is insufficient memory for the Java Runtime Environment to continue.
# Native memory allocation (malloc) failed to allocate 2320976 bytes for Chunk::new
# Possible reasons:
#   The system is out of physical RAM or swap space
#   In 32 bit mode, the process size limit was hit
# Possible solutions:
#   Reduce memory load on the system
#   Increase physical memory or swap space
#   Check if swap backing store is full
#   Use 64 bit Java on a 64 bit OS
#   Decrease Java heap size (-Xmx/-Xms)
#   Decrease number of Java threads
#   Decrease Java thread stack sizes (-Xss)
#   Set larger code cache with -XX:ReservedCodeCacheSize=
# This output file may be truncated or incomplete.
#
#  Out of Memory Error (allocation.cpp:390), pid=6904, tid=5704
#
# JRE version: Java(TM) SE Runtime Environment (8.0_45-b15) (build 1.8.0_45-b15)
# Java VM: Java HotSpot(TM) 64-Bit Server VM (25.45-b02 mixed mode windows-amd64 compressed oops)
# Failed to write core dump. Minidumps are not enabled by default on client versions of Windows
#

---------------  T H R E A D  ---------------

Current thread (0x00000000075d0000):  JavaThread "C2 CompilerThread1" daemon [_thread_in_native, id=5704, stack(0x0000000008e20000,0x0000000008f20000)]

Stack: [0x0000000008e20000,0x0000000008f20000]
[error occurred during error reporting (printing stack bounds), id 0xc0000005]

Native frames: (J=compiled Java code, j=interpreted, Vv=VM code, C=native code)
V  [jvm.dll+0x32b57a]


Current CompileTask:
C2:  15640 1663   !   4       com.android.dx.cf.code.BytecodeArray::parseInstruction (2764 bytes)


---------------  P R O C E S S  ---------------

Java Threads: ( => current thread )
  0x0000000007894800 JavaThread "pool-1-thread-4" [_thread_blocked, id=6344, stack(0x00000000097b0000,0x00000000098b0000)]
  0x0000000007892000 JavaThread "pool-1-thread-3" [_thread_blocked, id=4712, stack(0x0000000009410000,0x0000000009510000)]
  0x0000000007890000 JavaThread "pool-1-thread-2" [_thread_blocked, id=7172, stack(0x0000000008690000,0x0000000008790000)]
  0x000000000784a800 JavaThread "pool-2-thread-1" [_thread_blocked, id=9164, stack(0x00000000091f0000,0x00000000092f0000)]
  0x0000000007859800 JavaThread "pool-1-thread-1" [_thread_blocked, id=9176, stack(0x00000000096b0000,0x00000000097b0000)]
  0x000000000765f800 JavaThread "Service Thread" daemon [_thread_blocked, id=10688, stack(0x0000000009300000,0x0000000009400000)]
  0x000000000662f000 JavaThread "C1 CompilerThread3" daemon [_thread_blocked, id=8064, stack(0x00000000090e0000,0x00000000091e0000)]
  0x000000000662d000 JavaThread "C2 CompilerThread2" daemon [_thread_in_native, id=10324, stack(0x0000000008fd0000,0x00000000090d0000)]
=>0x00000000075d0000 JavaThread "C2 CompilerThread1" daemon [_thread_in_native, id=5704, stack(0x0000000008e20000,0x0000000008f20000)]
  0x00000000075c6800 JavaThread "C2 CompilerThread0" daemon [_thread_blocked, id=10768, stack(0x0000000008a50000,0x0000000008b50000)]
  0x00000000075c5800 JavaThread "Attach Listener" daemon [_thread_blocked, id=10912, stack(0x0000000008ce0000,0x0000000008de0000)]
  0x00000000075c4800 JavaThread "Signal Dispatcher" daemon [_thread_blocked, id=8652, stack(0x0000000008b60000,0x0000000008c60000)]
  0x0000000006619000 JavaThread "Finalizer" daemon [_thread_blocked, id=1692, stack(0x00000000088d0000,0x00000000089d0000)]
  0x0000000007573800 JavaThread "Reference Handler" daemon [_thread_blocked, id=4572, stack(0x0000000008790000,0x0000000008890000)]
  0x000000000248f000 JavaThread "main" [_thread_blocked, id=8928, stack(0x0000000002620000,0x0000000002720000)]

Other Threads:
  0x0000000007570800 VMThread [stack: 0x0000000008560000,0x0000000008660000] [id=6428]
  0x0000000007674000 WatcherThread [stack: 0x0000000009510000,0x0000000009610000] [id=6192]

VM state:at safepoint (normal execution)

VM Mutex/Monitor currently owned by a thread:  ([mutex/lock_event])
[0x000000000248c6b0] Threads_lock - owner thread: 0x0000000007570800
[0x000000000248cbb0] Heap_lock - owner thread: 0x000000000248f000

Heap:
 PSYoungGen      total 35328K, used 2544K [0x00000000eab00000, 0x00000000ed000000, 0x0000000100000000)
  eden space 32768K, 0% used [0x00000000eab00000,0x00000000eab00000,0x00000000ecb00000)
  from space 2560K, 99% used [0x00000000ecd80000,0x00000000ecffc3b0,0x00000000ed000000)
  to   space 2560K, 0% used [0x00000000ecb00000,0x00000000ecb00000,0x00000000ecd80000)
 ParOldGen       total 44032K, used 15006K [0x00000000c0000000, 0x00000000c2b00000, 0x00000000eab00000)
  object space 44032K, 34% used [0x00000000c0000000,0x00000000c0ea7ad0,0x00000000c2b00000)
 Metaspace       used 6121K, capacity 7152K, committed 7296K, reserved 1056768K
  class space    used 586K, capacity 616K, committed 640K, reserved 1048576K

Card table byte_map: [0x0000000002ae0000,0x0000000002cf0000] byte_map_base: 0x00000000024e0000

Marking Bits: (ParMarkBitMap*) 0x0000000070804040
 Begin Bits: [0x0000000003a30000, 0x0000000004a30000)
 End Bits:   [0x0000000004a30000, 0x0000000005a30000)

Polling page: 0x00000000001c0000

CodeCache: size=245760Kb used=7665Kb max_used=7665Kb free=238095Kb
 bounds [0x000000000f010000, 0x000000000f7a0000, 0x000000001e010000]
 total_blobs=2076 nmethods=1805 adapters=182
 compilation: enabled

Compilation events (10 events):
Event: 12.465 Thread 0x000000000662f000 1770       3       com.android.dx.ssa.Optimizer::optimize (67 bytes)
Event: 12.465 Thread 0x000000000662f000 nmethod 1770 0x000000000f76a210 code [0x000000000f76a420, 0x000000000f76ad18]
Event: 12.465 Thread 0x000000000662f000 1772       3       com.android.dx.dex.code.OutputCollector::<init> (34 bytes)
Event: 12.466 Thread 0x000000000662f000 nmethod 1772 0x000000000f76b250 code [0x000000000f76b3e0, 0x000000000f76b718]
Event: 12.466 Thread 0x000000000662f000 1773       3       com.android.dx.dex.code.OutputFinisher::<init> (48 bytes)
Event: 12.466 Thread 0x000000000662f000 nmethod 1773 0x000000000f76b890 code [0x000000000f76ba00, 0x000000000f76bca8]
Event: 12.466 Thread 0x000000000662f000 1775       3       com.android.dx.rop.code.LocalVariableInfo::<init> (82 bytes)
Event: 12.467 Thread 0x000000000662f000 nmethod 1775 0x000000000f76bdd0 code [0x000000000f76c020, 0x000000000f76cd68]
Event: 12.637 Thread 0x000000000662d000 1776       4       com.android.dx.util.ByteArray::<init> (81 bytes)
Event: 12.637 Thread 0x000000000662f000 1777       3       com.android.dx.rop.type.Type::asUninitialized (140 bytes)

GC Heap History (6 events):
Event: 4.067 GC heap before
{Heap before GC invocations=1 (full 0):
 PSYoungGen      total 18944K, used 16384K [0x00000000eab00000, 0x00000000ec000000, 0x0000000100000000)
  eden space 16384K, 100% used [0x00000000eab00000,0x00000000ebb00000,0x00000000ebb00000)
  from space 2560K, 0% used [0x00000000ebd80000,0x00000000ebd80000,0x00000000ec000000)
  to   space 2560K, 0% used [0x00000000ebb00000,0x00000000ebb00000,0x00000000ebd80000)
 ParOldGen       total 44032K, used 0K [0x00000000c0000000, 0x00000000c2b00000, 0x00000000eab00000)
  object space 44032K, 0% used [0x00000000c0000000,0x00000000c0000000,0x00000000c2b00000)
 Metaspace       used 5624K, capacity 6704K, committed 6784K, reserved 1056768K
  class space    used 578K, capacity 616K, committed 640K, reserved 1048576K
Event: 4.385 GC heap after
Heap after GC invocations=1 (full 0):
 PSYoungGen      total 18944K, used 2538K [0x00000000eab00000, 0x00000000ed000000, 0x0000000100000000)
  eden space 16384K, 0% used [0x00000000eab00000,0x00000000eab00000,0x00000000ebb00000)
  from space 2560K, 99% used [0x00000000ebb00000,0x00000000ebd7aaa8,0x00000000ebd80000)
  to   space 2560K, 0% used [0x00000000ecd80000,0x00000000ecd80000,0x00000000ed000000)
 ParOldGen       total 44032K, used 1872K [0x00000000c0000000, 0x00000000c2b00000, 0x00000000eab00000)
  object space 44032K, 4% used [0x00000000c0000000,0x00000000c01d4290,0x00000000c2b00000)
 Metaspace       used 5624K, capacity 6704K, committed 6784K, reserved 1056768K
  class space    used 578K, capacity 616K, committed 640K, reserved 1048576K
}
Event: 5.620 GC heap before
{Heap before GC invocations=2 (full 0):
 PSYoungGen      total 18944K, used 18922K [0x00000000eab00000, 0x00000000ed000000, 0x0000000100000000)
  eden space 16384K, 100% used [0x00000000eab00000,0x00000000ebb00000,0x00000000ebb00000)
  from space 2560K, 99% used [0x00000000ebb00000,0x00000000ebd7aaa8,0x00000000ebd80000)
  to   space 2560K, 0% used [0x00000000ecd80000,0x00000000ecd80000,0x00000000ed000000)
 ParOldGen       total 44032K, used 1872K [0x00000000c0000000, 0x00000000c2b00000, 0x00000000eab00000)
  object space 44032K, 4% used [0x00000000c0000000,0x00000000c01d4290,0x00000000c2b00000)
 Metaspace       used 5832K, capacity 6896K, committed 7040K, reserved 1056768K
  class space    used 580K, capacity 616K, committed 640K, reserved 1048576K
Event: 6.295 GC heap after
Heap after GC invocations=2 (full 0):
 PSYoungGen      total 35328K, used 2544K [0x00000000eab00000, 0x00000000ed000000, 0x0000000100000000)
  eden space 32768K, 0% used [0x00000000eab00000,0x00000000eab00000,0x00000000ecb00000)
  from space 2560K, 99% used [0x00000000ecd80000,0x00000000ecffc038,0x00000000ed000000)
  to   space 2560K, 0% used [0x00000000ecb00000,0x00000000ecb00000,0x00000000ecd80000)
 ParOldGen       total 44032K, used 3831K [0x00000000c0000000, 0x00000000c2b00000, 0x00000000eab00000)
  object space 44032K, 8% used [0x00000000c0000000,0x00000000c03bdd88,0x00000000c2b00000)
 Metaspace       used 5832K, capacity 6896K, committed 7040K, reserved 1056768K
  class space    used 580K, capacity 616K, committed 640K, reserved 1048576K
}
Event: 11.186 GC heap before
{Heap before GC invocations=3 (full 0):
 PSYoungGen      total 35328K, used 35312K [0x00000000eab00000, 0x00000000ed000000, 0x0000000100000000)
  eden space 32768K, 100% used [0x00000000eab00000,0x00000000ecb00000,0x00000000ecb00000)
  from space 2560K, 99% used [0x00000000ecd80000,0x00000000ecffc038,0x00000000ed000000)
  to   space 2560K, 0% used [0x00000000ecb00000,0x00000000ecb00000,0x00000000ecd80000)
 ParOldGen       total 44032K, used 3831K [0x00000000c0000000, 0x00000000c2b00000, 0x00000000eab00000)
  object space 44032K, 8% used [0x00000000c0000000,0x00000000c03bdd88,0x00000000c2b00000)
 Metaspace       used 6090K, capacity 7088K, committed 7296K, reserved 1056768K
  class space    used 586K, capacity 616K, committed 640K, reserved 1048576K
Event: 12.301 GC heap after
Heap after GC invocations=3 (full 0):
 PSYoungGen      total 35328K, used 2528K [0x00000000eab00000, 0x00000000ed000000, 0x0000000100000000)
  eden space 32768K, 0% used [0x00000000eab00000,0x00000000eab00000,0x00000000ecb00000)
  from space 2560K, 98% used [0x00000000ecb00000,0x00000000ecd78028,0x00000000ecd80000)
  to   space 2560K, 0% used [0x00000000ecd80000,0x00000000ecd80000,0x00000000ed000000)
 ParOldGen       total 44032K, used 9160K [0x00000000c0000000, 0x00000000c2b00000, 0x00000000eab00000)
  object space 44032K, 20% used [0x00000000c0000000,0x00000000c08f2320,0x00000000c2b00000)
 Metaspace       used 6090K, capacity 7088K, committed 7296K, reserved 1056768K
  class space    used 586K, capacity 616K, committed 640K, reserved 1048576K
}

Deoptimization events (10 events):
Event: 4.500 Thread 0x0000000007859800 Uncommon trap: reason=unstable_if action=reinterpret pc=0x000000000f322a5c method=com.android.dx.rop.code.RegisterSpecSet.put(Lcom/android/dx/rop/code/RegisterSpec;)V @ 77
Event: 4.500 Thread 0x0000000007859800 Uncommon trap: reason=unstable_if action=reinterpret pc=0x000000000f3217c8 method=com.android.dx.rop.code.RegisterSpecSet.put(Lcom/android/dx/rop/code/RegisterSpec;)V @ 77
Event: 4.585 Thread 0x0000000007892000 Uncommon trap: reason=unstable_if action=reinterpret pc=0x000000000f2e2e80 method=com.android.dx.rop.code.RegisterSpec.equals(ILcom/android/dx/rop/type/TypeBearer;Lcom/android/dx/rop/code/LocalItem;)Z @ 42
Event: 5.485 Thread 0x0000000007894800 Uncommon trap: reason=unstable_if action=reinterpret pc=0x000000000f3aaf2c method=com.android.dx.util.IntList.binarysearch(I)I @ 105
Event: 5.504 Thread 0x0000000007859800 Uncommon trap: reason=unstable_if action=reinterpret pc=0x000000000f4592cc method=com.android.dx.ssa.SCCP.simulateStmt(Lcom/android/dx/ssa/SsaInsn;)V @ 59
Event: 5.605 Thread 0x0000000007859800 Uncommon trap: reason=uninitialized action=reinterpret pc=0x000000000f4be06c method=com.android.dx.cf.code.BytecodeArray.parseInstruction(ILcom/android/dx/cf/code/BytecodeArray$Visitor;)I @ 999
Event: 6.793 Thread 0x0000000007890000 Uncommon trap: reason=bimorphic action=maybe_recompile pc=0x000000000f2bf028 method=java.util.HashMap.getNode(ILjava/lang/Object;)Ljava/util/HashMap$Node; @ 126
Event: 8.687 Thread 0x0000000007894800 Uncommon trap: reason=unstable_if action=reinterpret pc=0x000000000f61f57c method=com.android.dx.cf.code.Merger.isPossiblyAssignableFrom(Lcom/android/dx/rop/type/TypeBearer;Lcom/android/dx/rop/type/TypeBearer;)Z @ 131
Event: 10.238 Thread 0x0000000007892000 Uncommon trap: reason=unstable_if action=reinterpret pc=0x000000000f5bc0b4 method=com.android.dx.rop.code.RegisterSpecSet.localItemToSpec(Lcom/android/dx/rop/code/LocalItem;)Lcom/android/dx/rop/code/RegisterSpec; @ 35
Event: 11.097 Thread 0x0000000007859800 Uncommon trap: reason=bimorphic action=maybe_recompile pc=0x000000000f60d460 method=com.android.dx.ssa.SCCP.setLatticeValueTo(IILcom/android/dx/rop/cst/Constant;)Z @ 43

Internal exceptions (4 events):
Event: 0.387 Thread 0x000000000248f000 Exception <a 'java/lang/NoSuchMethodError': Method sun.misc.Unsafe.defineClass(Ljava/lang/String;[BII)Ljava/lang/Class; name or signature does not match> (0x00000000eab12f20) thrown at [C:\re\workspace\8-2-build-windows-amd64-cygwin\jdk8u45\3627\hotspot\srõµ9Â¾Ø?
Event: 0.387 Thread 0x000000000248f000 Exception <a 'java/lang/NoSuchMethodError': Method sun.misc.Unsafe.prefetchRead(Ljava/lang/Object;J)V name or signature does not match> (0x00000000eab131b0) thrown at [C:\re\workspace\8-2-build-windows-amd64-cygwin\jdk8u45\3627\hotspot\src\share\vm\prims\j)0–;J•@
Event: 3.823 Thread 0x0000000007859800 Implicit null exception at 0x000000000f2b7ebe to 0x000000000f2b9f19
Event: 4.497 Thread 0x0000000007859800 Implicit null exception at 0x000000000f2d46f3 to 0x000000000f2d6aed

Events (10 events):
Event: 9.959 loading class com/android/dx/cf/attrib/AttRuntimeVisibleAnnotations
Event: 9.959 loading class com/android/dx/cf/attrib/AttRuntimeVisibleAnnotations done
Event: 10.238 Thread 0x0000000007892000 Uncommon trap: trap_request=0xffffff65 fr.pc=0x000000000f5bc0b4
Event: 10.238 Thread 0x0000000007892000 DEOPT PACKING pc=0x000000000f5bc0b4 sp=0x000000000950e590
Event: 10.238 Thread 0x0000000007892000 DEOPT UNPACKING pc=0x000000000f05582a sp=0x000000000950e4f8 mode 2
Event: 11.097 Thread 0x0000000007859800 Uncommon trap: trap_request=0xffffffc6 fr.pc=0x000000000f60d460
Event: 11.097 Thread 0x0000000007859800 DEOPT PACKING pc=0x000000000f60d460 sp=0x00000000097ae990
Event: 11.097 Thread 0x0000000007859800 DEOPT UNPACKING pc=0x000000000f05582a sp=0x00000000097ae8f8 mode 2
Event: 11.186 Executing VM operation: ParallelGCFailedAllocation
Event: 12.301 Executing VM operation: ParallelGCFailedAllocation done


Dynamic libraries:
0x000000013f400000 - 0x000000013f437000 	C:\Program Files\Java\jdk1.8.0_45\bin\java.exe
0x0000000077940000 - 0x0000000077ae9000 	C:\Windows\SYSTEM32\ntdll.dll
0x0000000077720000 - 0x000000007783f000 	C:\Windows\system32\kernel32.dll
0x000007fefd960000 - 0x000007fefd9cb000 	C:\Windows\system32\KERNELBASE.dll
0x000007fefdf60000 - 0x000007fefe03b000 	C:\Windows\system32\ADVAPI32.dll
0x000007fefe170000 - 0x000007fefe20f000 	C:\Windows\system32\msvcrt.dll
0x000007feffb80000 - 0x000007feffb9f000 	C:\Windows\SYSTEM32\sechost.dll
0x000007feff2a0000 - 0x000007feff3cd000 	C:\Windows\system32\RPCRT4.dll
0x0000000077840000 - 0x000000007793a000 	C:\Windows\system32\USER32.dll
0x000007fefdde0000 - 0x000007fefde47000 	C:\Windows\system32\GDI32.dll
0x000007feff4a0000 - 0x000007feff4ae000 	C:\Windows\system32\LPK.dll
0x000007feffab0000 - 0x000007feffb79000 	C:\Windows\system32\USP10.dll
0x000007fefc4a0000 - 0x000007fefc694000 	C:\Windows\WinSxS\amd64_microsoft.windows.common-controls_6595b64144ccf1df_6.0.7601.17514_none_fa396087175ac9ac\COMCTL32.dll
0x000007feff590000 - 0x000007feff601000 	C:\Windows\system32\SHLWAPI.dll
0x000007feff470000 - 0x000007feff49e000 	C:\Windows\system32\IMM32.DLL
0x000007fefde50000 - 0x000007fefdf59000 	C:\Windows\system32\MSCTF.dll
0x000007fefd850000 - 0x000007fefd881000 	C:\Windows\system32\nvinitx.dll
0x000000000f000000 - 0x000000000f006000 	C:\Program Files\NVIDIA Corporation\CoProcManager\detoured.dll
0x000007fefa890000 - 0x000007fefa8bd000 	C:\Program Files\NVIDIA Corporation\CoProcManager\nvd3d9wrapx.dll
0x000007feff660000 - 0x000007feff837000 	C:\Windows\system32\SETUPAPI.dll
0x000007fefdbe0000 - 0x000007fefdc16000 	C:\Windows\system32\CFGMGR32.dll
0x000007feff4b0000 - 0x000007feff587000 	C:\Windows\system32\OLEAUT32.dll
0x000007feff8a0000 - 0x000007feffaa3000 	C:\Windows\system32\ole32.dll
0x000007fefd940000 - 0x000007fefd95a000 	C:\Windows\system32\DEVOBJ.dll
0x000007fefa4c0000 - 0x000007fefa4e2000 	C:\Program Files\NVIDIA Corporation\CoProcManager\nvdxgiwrapx.dll
0x0000000078d90000 - 0x0000000078e62000 	C:\Program Files\Java\jdk1.8.0_45\jre\bin\msvcr100.dll
0x0000000070000000 - 0x0000000070883000 	C:\Program Files\Java\jdk1.8.0_45\jre\bin\server\jvm.dll
0x000007fefc470000 - 0x000007fefc479000 	C:\Windows\system32\WSOCK32.dll
0x000007feff610000 - 0x000007feff65d000 	C:\Windows\system32\WS2_32.dll
0x000007feffba0000 - 0x000007feffba8000 	C:\Windows\system32\NSI.dll
0x000007fefb520000 - 0x000007fefb55b000 	C:\Windows\system32\WINMM.dll
0x000007fefc990000 - 0x000007fefc99c000 	C:\Windows\system32\VERSION.dll
0x0000000077b10000 - 0x0000000077b17000 	C:\Windows\system32\PSAPI.DLL
0x0000000073c80000 - 0x0000000073c8f000 	C:\Program Files\Java\jdk1.8.0_45\jre\bin\verify.dll
0x000000006d940000 - 0x000000006d969000 	C:\Program Files\Java\jdk1.8.0_45\jre\bin\java.dll
0x000000006ddc0000 - 0x000000006ddd6000 	C:\Program Files\Java\jdk1.8.0_45\jre\bin\zip.dll
0x000007fefe210000 - 0x000007fefef98000 	C:\Windows\system32\SHELL32.dll
0x000007fefd890000 - 0x000007fefd89f000 	C:\Windows\system32\profapi.dll

VM Arguments:
jvm_args: -Xmx1024M -Dfile.encoding=windows-1251 -Duser.country=RU -Duser.language=ru -Duser.variant 
java_command: com.android.dx.command.Main --dex --num-threads=4 --output D:\Code\UnifiedStateExam\app\build\intermediates\pre-dexed\debug\classes-30cdb958a1d5130c1d55aca7b430603ba8bafc6b.jar D:\Code\UnifiedStateExam\app\build\intermediates\exploded-aar\com.android.support\support-v4\23.1.1\jars\classes.jar
java_class_path (initial): D:\DevTools\SDK\build-tools\23.0.1\lib\dx.jar
Launcher Type: SUN_STANDARD

Environment Variables:
JAVA_HOME=C:\Program Files (x86)\Java\jdk1.8.0_45
PATH=C:\ProgramData\Oracle\Java\javapath;D:\andr\Android\androidSDK\sdk\tools;D:\andr\Android\androidSDK\sdk\platform-tools;D:\java\bin;D:\Qt\Qt5.3.2\Tools\mingw482_32\bin;C:\Program Files (x86)\NVIDIA Corporation\PhysX\Common;C:\Program Files (x86)\Intel\iCLS Client\;C:\Program Files\Intel\iCLS Client\;C:\Windows\system32;C:\Windows;C:\Windows\System32\Wbem;C:\Windows\System32\WindowsPowerShell\v1.0\;C:\Program Files\Microsoft SQL Server\110\Tools\Binn\;C:\Program Files (x86)\MySQL\MySQL Server 5.1\bin;D:\Apps\Scala\bin;D:\Apps\Scala Sbt\\bin;C:\Program Files (x86)\Skype\Phone\;C:\Qt\5.2.1\mingw48_32\bin;C:\Qt\Tools\mingw48_32\bin;C:\sqlite
USERNAME=Âëàäåëåö
OS=Windows_NT
PROCESSOR_IDENTIFIER=Intel64 Family 6 Model 42 Stepping 7, GenuineIntel



---------------  S Y S T E M  ---------------

OS: Windows 7 , 64 bit Build 7601 (6.1.7601.17514)

CPU:total 8 (4 cores per cpu, 2 threads per core) family 6 model 42 stepping 7, cmov, cx8, fxsr, mmx, sse, sse2, sse3, ssse3, sse4.1, sse4.2, popcnt, avx, clmul, ht, tsc, tscinvbit

Memory: 4k page, physical 4136816k(124396k free), swap 8927216k(219184k free)

vm_info: Java HotSpot(TM) 64-Bit Server VM (25.45-b02) for windows-amd64 JRE (1.8.0_45-b15), built on Apr 30 2015 12:40:44 by "java_re" with MS VC++ 10.0 (VS2010)

time: Mon Nov 16 21:23:10 2015
elapsed time: 18 seconds (0d 0h 0m 18s)

